TN:
SF:src/index.ts
FNF:0
FNH:0
DA:1,1
DA:2,1
DA:3,1
DA:4,1
DA:5,1
DA:6,1
DA:7,1
DA:8,1
DA:9,1
DA:10,1
DA:11,1
DA:12,1
DA:13,1
DA:14,1
DA:15,1
DA:16,1
DA:17,1
DA:18,1
DA:19,6
DA:20,6
DA:21,6
DA:22,6
DA:23,6
DA:24,6
DA:25,6
DA:26,1
DA:27,1
DA:28,1
DA:29,1
LF:29
LH:29
BRDA:18,0,0,6
BRDA:27,1,0,1
BRF:2
BRH:2
end_of_record
TN:
SF:src/routes.ts
FNF:0
FNH:0
DA:1,1
DA:2,1
DA:3,1
DA:4,1
DA:5,1
DA:6,1
DA:7,1
DA:8,1
DA:9,1
DA:10,1
LF:10
LH:10
BRF:0
BRH:0
end_of_record
TN:
SF:src/controllers/BookController.ts
FN:14,checkIfIsAvalible
FN:34,rent
FN:57,return
FNF:3
FNH:3
FNDA:3,checkIfIsAvalible
FNDA:4,rent
FNDA:3,return
DA:1,1
DA:2,1
DA:3,1
DA:4,1
DA:5,1
DA:6,1
DA:7,1
DA:8,1
DA:9,1
DA:10,1
DA:11,1
DA:12,1
DA:13,1
DA:14,1
DA:15,3
DA:16,3
DA:17,3
DA:18,3
DA:19,3
DA:20,3
DA:21,3
DA:22,3
DA:23,3
DA:24,3
DA:25,3
DA:26,1
DA:27,1
DA:28,1
DA:29,3
DA:30,1
DA:31,1
DA:32,1
DA:33,1
DA:34,1
DA:35,4
DA:36,4
DA:37,4
DA:38,4
DA:39,4
DA:40,4
DA:41,4
DA:42,4
DA:43,4
DA:44,4
DA:45,4
DA:46,4
DA:47,4
DA:48,4
DA:49,3
DA:50,3
DA:51,3
DA:52,4
DA:53,1
DA:54,1
DA:55,1
DA:56,1
DA:57,1
DA:58,3
DA:59,3
DA:60,3
DA:61,3
DA:62,3
DA:63,3
DA:64,3
DA:65,3
DA:66,3
DA:67,3
DA:68,3
DA:69,3
DA:70,2
DA:71,2
DA:72,2
DA:73,3
DA:74,1
DA:75,1
DA:76,1
DA:77,1
LF:77
LH:77
BRDA:14,0,0,3
BRDA:25,1,0,1
BRDA:34,2,0,4
BRDA:48,3,0,3
BRDA:57,4,0,3
BRDA:69,5,0,2
BRF:6
BRH:6
end_of_record
TN:
SF:src/models/BookModel.ts
FN:11,BookModel
FN:17,get uuid
FN:21,get disponivel
FN:25,rentBook
FN:34,returnBook
FNF:5
FNH:5
FNDA:37,BookModel
FNDA:23,get uuid
FNDA:2,get disponivel
FNDA:2,rentBook
FNDA:2,returnBook
DA:1,1
DA:2,1
DA:3,1
DA:4,1
DA:5,1
DA:6,1
DA:7,1
DA:8,1
DA:9,1
DA:10,1
DA:11,1
DA:12,37
DA:13,37
DA:14,37
DA:15,37
DA:16,1
DA:17,1
DA:18,23
DA:19,23
DA:20,1
DA:21,1
DA:22,2
DA:23,2
DA:24,1
DA:25,1
DA:26,2
DA:27,1
DA:28,1
DA:29,1
DA:30,1
DA:31,1
DA:32,1
DA:33,1
DA:34,1
DA:35,2
DA:36,1
DA:37,1
DA:38,1
DA:39,1
DA:40,1
DA:41,1
DA:42,1
DA:43,1
DA:44,1
DA:45,1
DA:46,1
LF:46
LH:46
BRDA:11,0,0,37
BRDA:12,1,0,1
BRDA:14,2,0,1
BRDA:17,3,0,23
BRDA:21,4,0,2
BRDA:25,5,0,2
BRDA:26,6,0,1
BRDA:34,7,0,2
BRDA:35,8,0,1
BRF:9
BRH:9
end_of_record
TN:
SF:src/models/ResponseErrorModel.ts
FN:13,ResponseErrorModel
FN:28,get errorCode
FNF:2
FNH:2
FNDA:9,ResponseErrorModel
FNDA:6,get errorCode
DA:1,5
DA:2,5
DA:3,5
DA:4,5
DA:5,5
DA:6,1
DA:7,1
DA:8,1
DA:9,1
DA:10,1
DA:11,1
DA:12,1
DA:13,1
DA:14,9
DA:15,9
DA:16,9
DA:17,9
DA:18,9
DA:19,1
DA:20,1
DA:21,1
DA:22,1
DA:23,1
DA:24,1
DA:25,1
DA:26,1
DA:27,1
DA:28,1
DA:29,6
DA:30,6
DA:31,1
DA:32,1
DA:33,1
DA:34,1
DA:35,1
DA:36,1
LF:36
LH:36
BRDA:1,0,0,5
BRDA:13,1,0,9
BRDA:28,2,0,6
BRF:3
BRH:3
end_of_record
TN:
SF:src/models/ResponseSuccessModel.ts
FN:6,ResponseSuccessModel
FN:12,get code
FNF:2
FNH:2
FNDA:5,ResponseSuccessModel
FNDA:4,get code
DA:1,1
DA:2,1
DA:3,1
DA:4,1
DA:5,1
DA:6,1
DA:7,5
DA:8,5
DA:9,5
DA:10,5
DA:11,1
DA:12,1
DA:13,4
DA:14,4
DA:15,1
LF:15
LH:15
BRDA:6,0,0,5
BRDA:12,1,0,4
BRF:2
BRH:2
end_of_record
TN:
SF:src/models/UserModel.ts
FN:5,UserModel
FN:10,get cpf
FNF:2
FNH:2
FNDA:19,UserModel
FNDA:12,get cpf
DA:1,1
DA:2,1
DA:3,1
DA:4,1
DA:5,1
DA:6,19
DA:7,19
DA:8,19
DA:9,1
DA:10,1
DA:11,12
DA:12,12
DA:13,1
DA:14,1
DA:15,1
LF:15
LH:15
BRDA:5,0,0,19
BRDA:10,1,0,12
BRF:2
BRH:2
end_of_record
TN:
SF:src/services/BookService.ts
FN:5,BookService
FN:12,find
FNF:2
FNH:2
FNDA:12,BookService
FNDA:11,find
DA:1,1
DA:2,1
DA:3,1
DA:4,1
DA:5,12
DA:6,12
DA:7,12
DA:8,12
DA:9,12
DA:10,12
DA:11,12
DA:12,12
DA:13,11
DA:14,11
DA:15,11
DA:16,11
DA:17,11
DA:18,11
DA:19,4
DA:20,4
DA:21,7
DA:22,7
DA:23,10
DA:24,4
DA:25,4
DA:26,4
DA:27,11
DA:28,12
DA:29,1
DA:30,1
LF:30
LH:30
BRDA:5,0,0,12
BRDA:12,1,0,11
BRDA:18,2,0,10
BRDA:18,3,0,4
BRDA:21,4,0,7
BRDA:23,5,0,4
BRDA:16,6,0,23
BRF:7
BRH:7
end_of_record
TN:
SF:src/services/UserService.ts
FN:4,UserService
FN:11,find
FNF:2
FNH:2
FNDA:6,UserService
FNDA:6,find
DA:1,1
DA:2,1
DA:3,1
DA:4,6
DA:5,6
DA:6,6
DA:7,6
DA:8,6
DA:9,6
DA:10,6
DA:11,6
DA:12,6
DA:13,6
DA:14,6
DA:15,6
DA:16,2
DA:17,2
DA:18,4
DA:19,4
DA:20,5
DA:21,2
DA:22,2
DA:23,2
DA:24,6
DA:25,6
DA:26,1
DA:27,1
LF:27
LH:27
BRDA:4,0,0,6
BRDA:11,1,0,6
BRDA:15,2,0,5
BRDA:15,3,0,2
BRDA:18,4,0,4
BRDA:20,5,0,2
BRDA:13,6,0,12
BRF:7
BRH:7
end_of_record
